[0.177s] DEBUG:colcon:Command line arguments: ['/usr/bin/colcon', 'build', '--symlink-install']
[0.177s] DEBUG:colcon:Parsed command line arguments: Namespace(allow_overriding=[], ament_cmake_args=None, base_paths=['.'], build_base='build', catkin_cmake_args=None, catkin_skip_building_tests=False, cmake_args=None, cmake_clean_cache=False, cmake_clean_first=False, cmake_force_configure=False, cmake_target=None, cmake_target_skip_unavailable=False, continue_on_error=False, event_handlers=None, executor='parallel', ignore_user_meta=False, install_base='install', log_base=None, log_level=None, main=<bound method BuildVerb.main of <colcon_core.verb.build.BuildVerb object at 0x7f773388b790>>, merge_install=False, metas=['./colcon.meta'], packages_above=None, packages_above_and_dependencies=None, packages_above_depth=None, packages_end=None, packages_ignore=None, packages_ignore_regex=None, packages_select=None, packages_select_build_failed=False, packages_select_by_dep=None, packages_select_regex=None, packages_select_test_failures=False, packages_skip=None, packages_skip_build_finished=False, packages_skip_by_dep=None, packages_skip_regex=None, packages_skip_test_passed=False, packages_skip_up_to=None, packages_start=None, packages_up_to=None, packages_up_to_regex=None, parallel_workers=12, paths=None, symlink_install=True, test_result_base=None, verb_extension=<colcon_core.verb.build.BuildVerb object at 0x7f773388b790>, verb_name='build', verb_parser=<colcon_defaults.argument_parser.defaults.DefaultArgumentsDecorator object at 0x7f773388bd00>)
[0.207s] Level 1:colcon.colcon_core.package_discovery:discover_packages(colcon_meta) check parameters
[0.207s] Level 1:colcon.colcon_core.package_discovery:discover_packages(recursive) check parameters
[0.207s] Level 1:colcon.colcon_core.package_discovery:discover_packages(ignore) check parameters
[0.207s] Level 1:colcon.colcon_core.package_discovery:discover_packages(path) check parameters
[0.207s] Level 1:colcon.colcon_core.package_discovery:discover_packages(colcon_meta) discover
[0.207s] Level 1:colcon.colcon_core.package_discovery:discover_packages(recursive) discover
[0.207s] INFO:colcon.colcon_core.package_discovery:Crawling recursively for packages in '/home/mitzi/ros2_ws/src/Gesture_Commands'
[0.207s] Level 1:colcon.colcon_core.package_identification:_identify(.) by extensions ['ignore', 'ignore_ament_install']
[0.207s] Level 1:colcon.colcon_core.package_identification:_identify(.) by extension 'ignore'
[0.207s] Level 1:colcon.colcon_core.package_identification:_identify(.) by extension 'ignore_ament_install'
[0.207s] Level 1:colcon.colcon_core.package_identification:_identify(.) by extensions ['colcon_pkg']
[0.208s] Level 1:colcon.colcon_core.package_identification:_identify(.) by extension 'colcon_pkg'
[0.208s] Level 1:colcon.colcon_core.package_identification:_identify(.) by extensions ['colcon_meta']
[0.208s] Level 1:colcon.colcon_core.package_identification:_identify(.) by extension 'colcon_meta'
[0.208s] Level 1:colcon.colcon_core.package_identification:_identify(.) by extensions ['ros']
[0.208s] Level 1:colcon.colcon_core.package_identification:_identify(.) by extension 'ros'
[0.237s] DEBUG:colcon.colcon_core.package_identification:Package '.' with type 'ros.ament_python' and name 'Gesture_Commands'
[0.237s] Level 1:colcon.colcon_core.package_discovery:discover_packages(recursive) using defaults
[0.237s] Level 1:colcon.colcon_core.package_discovery:discover_packages(ignore) discover
[0.237s] Level 1:colcon.colcon_core.package_discovery:discover_packages(ignore) using defaults
[0.237s] Level 1:colcon.colcon_core.package_discovery:discover_packages(path) discover
[0.237s] Level 1:colcon.colcon_core.package_discovery:discover_packages(path) using defaults
[0.262s] Level 1:colcon.colcon_core.package_discovery:discover_packages(prefix_path) check parameters
[0.262s] Level 1:colcon.colcon_core.package_discovery:discover_packages(prefix_path) discover
[0.267s] DEBUG:colcon.colcon_installed_package_information.package_discovery:Found 15 installed packages in /home/mitzi/ros2_ws/install
[0.270s] DEBUG:colcon.colcon_installed_package_information.package_discovery:Found 318 installed packages in /opt/ros/foxy
[0.273s] Level 1:colcon.colcon_core.package_discovery:discover_packages(prefix_path) using defaults
[0.374s] Level 5:colcon.colcon_core.verb:set package 'Gesture_Commands' build argument 'cmake_args' from command line to 'None'
[0.374s] Level 5:colcon.colcon_core.verb:set package 'Gesture_Commands' build argument 'cmake_target' from command line to 'None'
[0.374s] Level 5:colcon.colcon_core.verb:set package 'Gesture_Commands' build argument 'cmake_target_skip_unavailable' from command line to 'False'
[0.374s] Level 5:colcon.colcon_core.verb:set package 'Gesture_Commands' build argument 'cmake_clean_cache' from command line to 'False'
[0.374s] Level 5:colcon.colcon_core.verb:set package 'Gesture_Commands' build argument 'cmake_clean_first' from command line to 'False'
[0.374s] Level 5:colcon.colcon_core.verb:set package 'Gesture_Commands' build argument 'cmake_force_configure' from command line to 'False'
[0.374s] Level 5:colcon.colcon_core.verb:set package 'Gesture_Commands' build argument 'ament_cmake_args' from command line to 'None'
[0.374s] Level 5:colcon.colcon_core.verb:set package 'Gesture_Commands' build argument 'catkin_cmake_args' from command line to 'None'
[0.374s] Level 5:colcon.colcon_core.verb:set package 'Gesture_Commands' build argument 'catkin_skip_building_tests' from command line to 'False'
[0.374s] DEBUG:colcon.colcon_core.verb:Building package 'Gesture_Commands' with the following arguments: {'ament_cmake_args': None, 'build_base': '/home/mitzi/ros2_ws/src/Gesture_Commands/build/Gesture_Commands', 'catkin_cmake_args': None, 'catkin_skip_building_tests': False, 'cmake_args': None, 'cmake_clean_cache': False, 'cmake_clean_first': False, 'cmake_force_configure': False, 'cmake_target': None, 'cmake_target_skip_unavailable': False, 'install_base': '/home/mitzi/ros2_ws/src/Gesture_Commands/install/Gesture_Commands', 'merge_install': False, 'path': '/home/mitzi/ros2_ws/src/Gesture_Commands', 'symlink_install': True, 'test_result_base': None}
[0.375s] INFO:colcon.colcon_core.executor:Executing jobs using 'parallel' executor
[0.380s] DEBUG:colcon.colcon_parallel_executor.executor.parallel:run_until_complete
[0.381s] INFO:colcon.colcon_ros.task.ament_python.build:Building ROS package in '/home/mitzi/ros2_ws/src/Gesture_Commands' with build type 'ament_python'
[0.381s] Level 1:colcon.colcon_core.shell:create_environment_hook('Gesture_Commands', 'ament_prefix_path')
[0.387s] INFO:colcon.colcon_core.plugin_system:Skipping extension 'colcon_core.shell.bat': Not used on non-Windows systems
[0.388s] INFO:colcon.colcon_core.shell:Creating environment hook '/home/mitzi/ros2_ws/src/Gesture_Commands/install/Gesture_Commands/share/Gesture_Commands/hook/ament_prefix_path.ps1'
[0.388s] INFO:colcon.colcon_core.shell:Creating environment descriptor '/home/mitzi/ros2_ws/src/Gesture_Commands/install/Gesture_Commands/share/Gesture_Commands/hook/ament_prefix_path.dsv'
[0.389s] INFO:colcon.colcon_core.shell:Creating environment hook '/home/mitzi/ros2_ws/src/Gesture_Commands/install/Gesture_Commands/share/Gesture_Commands/hook/ament_prefix_path.sh'
[0.391s] INFO:colcon.colcon_core.shell:Skip shell extension 'powershell' for command environment: Not usable outside of PowerShell
[0.391s] DEBUG:colcon.colcon_core.shell:Skip shell extension 'dsv' for command environment
[0.397s] DEBUG:colcon.colcon_core.shell:Ignoring prefix path '/opt/ros/noetic'
[0.699s] INFO:colcon.colcon_core.task.python.build:Building Python package in '/home/mitzi/ros2_ws/src/Gesture_Commands'
[0.702s] INFO:colcon.colcon_core.shell:Skip shell extension 'powershell' for command environment: Not usable outside of PowerShell
[0.702s] DEBUG:colcon.colcon_core.shell:Skip shell extension 'dsv' for command environment
[0.709s] DEBUG:colcon.colcon_core.shell:Ignoring prefix path '/opt/ros/noetic'
[1.283s] DEBUG:colcon.colcon_core.event_handler.log_command:Invoking command in '/home/mitzi/ros2_ws/src/Gesture_Commands/build/Gesture_Commands': PYTHONPATH=/home/mitzi/ros2_ws/src/Gesture_Commands/install/Gesture_Commands/lib/python3.8/site-packages:${PYTHONPATH} /usr/bin/python3 setup.py develop --prefix /home/mitzi/ros2_ws/src/Gesture_Commands/install/Gesture_Commands --editable --build-directory /home/mitzi/ros2_ws/src/Gesture_Commands/build/Gesture_Commands/build --no-deps install_data --install-dir /home/mitzi/ros2_ws/src/Gesture_Commands/install/Gesture_Commands
[1.999s] Level 1:colcon.colcon_core.shell:create_environment_hook('Gesture_Commands', 'pythonpath_develop')
[2.001s] INFO:colcon.colcon_core.shell:Creating environment hook '/home/mitzi/ros2_ws/src/Gesture_Commands/build/Gesture_Commands/share/Gesture_Commands/hook/pythonpath_develop.ps1'
[2.002s] DEBUG:colcon.colcon_core.event_handler.log_command:Invoked command in '/home/mitzi/ros2_ws/src/Gesture_Commands/build/Gesture_Commands' returned '0': PYTHONPATH=/home/mitzi/ros2_ws/src/Gesture_Commands/install/Gesture_Commands/lib/python3.8/site-packages:${PYTHONPATH} /usr/bin/python3 setup.py develop --prefix /home/mitzi/ros2_ws/src/Gesture_Commands/install/Gesture_Commands --editable --build-directory /home/mitzi/ros2_ws/src/Gesture_Commands/build/Gesture_Commands/build --no-deps install_data --install-dir /home/mitzi/ros2_ws/src/Gesture_Commands/install/Gesture_Commands
[2.003s] INFO:colcon.colcon_core.shell:Creating environment descriptor '/home/mitzi/ros2_ws/src/Gesture_Commands/build/Gesture_Commands/share/Gesture_Commands/hook/pythonpath_develop.dsv'
[2.004s] INFO:colcon.colcon_core.shell:Creating environment hook '/home/mitzi/ros2_ws/src/Gesture_Commands/build/Gesture_Commands/share/Gesture_Commands/hook/pythonpath_develop.sh'
[2.011s] Level 1:colcon.colcon_core.environment:checking '/home/mitzi/ros2_ws/src/Gesture_Commands/install/Gesture_Commands' for CMake module files
[2.012s] Level 1:colcon.colcon_core.environment:checking '/home/mitzi/ros2_ws/src/Gesture_Commands/install/Gesture_Commands' for CMake config files
[2.013s] Level 1:colcon.colcon_core.environment:checking '/home/mitzi/ros2_ws/src/Gesture_Commands/install/Gesture_Commands/lib'
[2.013s] Level 1:colcon.colcon_core.environment:checking '/home/mitzi/ros2_ws/src/Gesture_Commands/install/Gesture_Commands/bin'
[2.013s] Level 1:colcon.colcon_core.environment:checking '/home/mitzi/ros2_ws/src/Gesture_Commands/install/Gesture_Commands/lib/pkgconfig/Gesture_Commands.pc'
[2.013s] Level 1:colcon.colcon_core.environment:checking '/home/mitzi/ros2_ws/src/Gesture_Commands/install/Gesture_Commands/lib/python3.8/site-packages'
[2.013s] Level 1:colcon.colcon_core.shell:create_environment_hook('Gesture_Commands', 'pythonpath')
[2.015s] INFO:colcon.colcon_core.shell:Creating environment hook '/home/mitzi/ros2_ws/src/Gesture_Commands/install/Gesture_Commands/share/Gesture_Commands/hook/pythonpath.ps1'
[2.015s] INFO:colcon.colcon_core.shell:Creating environment descriptor '/home/mitzi/ros2_ws/src/Gesture_Commands/install/Gesture_Commands/share/Gesture_Commands/hook/pythonpath.dsv'
[2.016s] INFO:colcon.colcon_core.shell:Creating environment hook '/home/mitzi/ros2_ws/src/Gesture_Commands/install/Gesture_Commands/share/Gesture_Commands/hook/pythonpath.sh'
[2.016s] Level 1:colcon.colcon_core.environment:checking '/home/mitzi/ros2_ws/src/Gesture_Commands/install/Gesture_Commands/bin'
[2.016s] Level 1:colcon.colcon_core.environment:create_environment_scripts_only(Gesture_Commands)
[2.018s] INFO:colcon.colcon_core.shell:Creating package script '/home/mitzi/ros2_ws/src/Gesture_Commands/install/Gesture_Commands/share/Gesture_Commands/package.ps1'
[2.019s] INFO:colcon.colcon_core.shell:Creating package descriptor '/home/mitzi/ros2_ws/src/Gesture_Commands/install/Gesture_Commands/share/Gesture_Commands/package.dsv'
[2.020s] INFO:colcon.colcon_core.shell:Creating package script '/home/mitzi/ros2_ws/src/Gesture_Commands/install/Gesture_Commands/share/Gesture_Commands/package.sh'
[2.021s] INFO:colcon.colcon_core.shell:Creating package script '/home/mitzi/ros2_ws/src/Gesture_Commands/install/Gesture_Commands/share/Gesture_Commands/package.bash'
[2.022s] INFO:colcon.colcon_core.shell:Creating package script '/home/mitzi/ros2_ws/src/Gesture_Commands/install/Gesture_Commands/share/Gesture_Commands/package.zsh'
[2.023s] Level 1:colcon.colcon_core.environment:create_file_with_runtime_dependencies(/home/mitzi/ros2_ws/src/Gesture_Commands/install/Gesture_Commands/share/colcon-core/packages/Gesture_Commands)
[2.023s] DEBUG:colcon.colcon_parallel_executor.executor.parallel:closing loop
[2.024s] DEBUG:colcon.colcon_parallel_executor.executor.parallel:loop closed
[2.024s] DEBUG:colcon.colcon_parallel_executor.executor.parallel:run_until_complete finished with '0'
[2.024s] DEBUG:colcon.colcon_core.event_reactor:joining thread
[2.033s] INFO:colcon.colcon_core.plugin_system:Skipping extension 'colcon_notification.desktop_notification.terminal_notifier': Not used on non-Darwin systems
[2.034s] INFO:colcon.colcon_core.plugin_system:Skipping extension 'colcon_notification.desktop_notification.win32': Not used on non-Windows systems
[2.034s] INFO:colcon.colcon_notification.desktop_notification:Sending desktop notification using 'notify2'
[2.054s] DEBUG:colcon.colcon_core.event_reactor:joined thread
[2.056s] INFO:colcon.colcon_core.shell:Creating prefix script '/home/mitzi/ros2_ws/src/Gesture_Commands/install/local_setup.ps1'
[2.057s] INFO:colcon.colcon_core.shell:Creating prefix util module '/home/mitzi/ros2_ws/src/Gesture_Commands/install/_local_setup_util_ps1.py'
[2.059s] INFO:colcon.colcon_core.shell:Creating prefix chain script '/home/mitzi/ros2_ws/src/Gesture_Commands/install/setup.ps1'
[2.062s] INFO:colcon.colcon_core.shell:Creating prefix script '/home/mitzi/ros2_ws/src/Gesture_Commands/install/local_setup.sh'
[2.062s] INFO:colcon.colcon_core.shell:Creating prefix util module '/home/mitzi/ros2_ws/src/Gesture_Commands/install/_local_setup_util_sh.py'
[2.063s] INFO:colcon.colcon_core.shell:Creating prefix chain script '/home/mitzi/ros2_ws/src/Gesture_Commands/install/setup.sh'
[2.066s] INFO:colcon.colcon_core.shell:Creating prefix script '/home/mitzi/ros2_ws/src/Gesture_Commands/install/local_setup.bash'
[2.067s] INFO:colcon.colcon_core.shell:Creating prefix chain script '/home/mitzi/ros2_ws/src/Gesture_Commands/install/setup.bash'
[2.071s] INFO:colcon.colcon_core.shell:Creating prefix script '/home/mitzi/ros2_ws/src/Gesture_Commands/install/local_setup.zsh'
[2.072s] INFO:colcon.colcon_core.shell:Creating prefix chain script '/home/mitzi/ros2_ws/src/Gesture_Commands/install/setup.zsh'
