[0.906s] Invoking command in '/home/mitzi/ros2_ws/src/Gesture_Commands/build/Gesture_Commands': PYTHONPATH=/home/mitzi/ros2_ws/src/Gesture_Commands/install/Gesture_Commands/lib/python3.8/site-packages:${PYTHONPATH} /usr/bin/python3 setup.py develop --prefix /home/mitzi/ros2_ws/src/Gesture_Commands/install/Gesture_Commands --editable --build-directory /home/mitzi/ros2_ws/src/Gesture_Commands/build/Gesture_Commands/build --no-deps install_data --install-dir /home/mitzi/ros2_ws/src/Gesture_Commands/install/Gesture_Commands
[1.289s] running develop
[1.552s] running egg_info
[1.552s] creating Gesture_Commands.egg-info
[1.552s] writing Gesture_Commands.egg-info/PKG-INFO
[1.552s] writing dependency_links to Gesture_Commands.egg-info/dependency_links.txt
[1.552s] writing entry points to Gesture_Commands.egg-info/entry_points.txt
[1.552s] writing requirements to Gesture_Commands.egg-info/requires.txt
[1.553s] writing top-level names to Gesture_Commands.egg-info/top_level.txt
[1.556s] writing manifest file 'Gesture_Commands.egg-info/SOURCES.txt'
[1.584s] reading manifest file 'Gesture_Commands.egg-info/SOURCES.txt'
[1.584s] writing manifest file 'Gesture_Commands.egg-info/SOURCES.txt'
[1.627s] running build_ext
[1.627s] Creating /home/mitzi/ros2_ws/src/Gesture_Commands/install/Gesture_Commands/lib/python3.8/site-packages/site.py
[1.629s] Creating /home/mitzi/ros2_ws/src/Gesture_Commands/install/Gesture_Commands/lib/python3.8/site-packages/Gesture-Commands.egg-link (link to .)
[1.630s] Installing process_gesture script to /home/mitzi/ros2_ws/src/Gesture_Commands/install/Gesture_Commands/lib/Gesture_Commands
[1.630s] 
[1.630s] Installed /home/mitzi/ros2_ws/src/Gesture_Commands/build/Gesture_Commands
[1.630s] running install_data
[1.630s] creating /home/mitzi/ros2_ws/src/Gesture_Commands/install/Gesture_Commands/share/ament_index
[1.630s] creating /home/mitzi/ros2_ws/src/Gesture_Commands/install/Gesture_Commands/share/ament_index/resource_index
[1.630s] creating /home/mitzi/ros2_ws/src/Gesture_Commands/install/Gesture_Commands/share/ament_index/resource_index/packages
[1.630s] copying resource/Gesture_Commands -> /home/mitzi/ros2_ws/src/Gesture_Commands/install/Gesture_Commands/share/ament_index/resource_index/packages
[1.631s] copying package.xml -> /home/mitzi/ros2_ws/src/Gesture_Commands/install/Gesture_Commands/share/Gesture_Commands
[1.653s] Invoked command in '/home/mitzi/ros2_ws/src/Gesture_Commands/build/Gesture_Commands' returned '0': PYTHONPATH=/home/mitzi/ros2_ws/src/Gesture_Commands/install/Gesture_Commands/lib/python3.8/site-packages:${PYTHONPATH} /usr/bin/python3 setup.py develop --prefix /home/mitzi/ros2_ws/src/Gesture_Commands/install/Gesture_Commands --editable --build-directory /home/mitzi/ros2_ws/src/Gesture_Commands/build/Gesture_Commands/build --no-deps install_data --install-dir /home/mitzi/ros2_ws/src/Gesture_Commands/install/Gesture_Commands
