[0.147s] DEBUG:colcon:Command line arguments: ['/usr/bin/colcon', 'build']
[0.147s] DEBUG:colcon:Parsed command line arguments: Namespace(allow_overriding=[], ament_cmake_args=None, base_paths=['.'], build_base='build', catkin_cmake_args=None, catkin_skip_building_tests=False, cmake_args=None, cmake_clean_cache=False, cmake_clean_first=False, cmake_force_configure=False, cmake_target=None, cmake_target_skip_unavailable=False, continue_on_error=False, event_handlers=None, executor='parallel', ignore_user_meta=False, install_base='install', log_base=None, log_level=None, main=<bound method BuildVerb.main of <colcon_core.verb.build.BuildVerb object at 0x7fc7a2fafa90>>, merge_install=False, metas=['./colcon.meta'], packages_above=None, packages_above_and_dependencies=None, packages_above_depth=None, packages_end=None, packages_ignore=None, packages_ignore_regex=None, packages_select=None, packages_select_build_failed=False, packages_select_by_dep=None, packages_select_regex=None, packages_select_test_failures=False, packages_skip=None, packages_skip_build_finished=False, packages_skip_by_dep=None, packages_skip_regex=None, packages_skip_test_passed=False, packages_skip_up_to=None, packages_start=None, packages_up_to=None, packages_up_to_regex=None, parallel_workers=12, paths=None, symlink_install=False, test_result_base=None, verb_extension=<colcon_core.verb.build.BuildVerb object at 0x7fc7a2fafa90>, verb_name='build', verb_parser=<colcon_defaults.argument_parser.defaults.DefaultArgumentsDecorator object at 0x7fc7a2fb9040>)
[0.170s] Level 1:colcon.colcon_core.package_discovery:discover_packages(colcon_meta) check parameters
[0.170s] Level 1:colcon.colcon_core.package_discovery:discover_packages(recursive) check parameters
[0.170s] Level 1:colcon.colcon_core.package_discovery:discover_packages(ignore) check parameters
[0.170s] Level 1:colcon.colcon_core.package_discovery:discover_packages(path) check parameters
[0.170s] Level 1:colcon.colcon_core.package_discovery:discover_packages(colcon_meta) discover
[0.170s] Level 1:colcon.colcon_core.package_discovery:discover_packages(recursive) discover
[0.170s] INFO:colcon.colcon_core.package_discovery:Crawling recursively for packages in '/home/mitzi/ros2_ws/src/Gesture_Commands/Gesture_Commands'
[0.170s] Level 1:colcon.colcon_core.package_identification:_identify(.) by extensions ['ignore', 'ignore_ament_install']
[0.170s] Level 1:colcon.colcon_core.package_identification:_identify(.) by extension 'ignore'
[0.170s] Level 1:colcon.colcon_core.package_identification:_identify(.) by extension 'ignore_ament_install'
[0.170s] Level 1:colcon.colcon_core.package_identification:_identify(.) by extensions ['colcon_pkg']
[0.170s] Level 1:colcon.colcon_core.package_identification:_identify(.) by extension 'colcon_pkg'
[0.170s] Level 1:colcon.colcon_core.package_identification:_identify(.) by extensions ['colcon_meta']
[0.170s] Level 1:colcon.colcon_core.package_identification:_identify(.) by extension 'colcon_meta'
[0.170s] Level 1:colcon.colcon_core.package_identification:_identify(.) by extensions ['ros']
[0.171s] Level 1:colcon.colcon_core.package_identification:_identify(.) by extension 'ros'
[0.194s] Level 1:colcon.colcon_core.package_identification:_identify(.) by extensions ['cmake', 'python']
[0.194s] Level 1:colcon.colcon_core.package_identification:_identify(.) by extension 'cmake'
[0.194s] Level 1:colcon.colcon_core.package_identification:_identify(.) by extension 'python'
[0.194s] Level 1:colcon.colcon_core.package_identification:_identify(.) by extensions ['python_setup_py']
[0.194s] Level 1:colcon.colcon_core.package_identification:_identify(.) by extension 'python_setup_py'
[0.194s] Level 1:colcon.colcon_core.package_identification:_identify(__pycache__) by extensions ['ignore', 'ignore_ament_install']
[0.194s] Level 1:colcon.colcon_core.package_identification:_identify(__pycache__) by extension 'ignore'
[0.194s] Level 1:colcon.colcon_core.package_identification:_identify(__pycache__) by extension 'ignore_ament_install'
[0.194s] Level 1:colcon.colcon_core.package_identification:_identify(__pycache__) by extensions ['colcon_pkg']
[0.194s] Level 1:colcon.colcon_core.package_identification:_identify(__pycache__) by extension 'colcon_pkg'
[0.194s] Level 1:colcon.colcon_core.package_identification:_identify(__pycache__) by extensions ['colcon_meta']
[0.194s] Level 1:colcon.colcon_core.package_identification:_identify(__pycache__) by extension 'colcon_meta'
[0.194s] Level 1:colcon.colcon_core.package_identification:_identify(__pycache__) by extensions ['ros']
[0.194s] Level 1:colcon.colcon_core.package_identification:_identify(__pycache__) by extension 'ros'
[0.195s] Level 1:colcon.colcon_core.package_identification:_identify(__pycache__) by extensions ['cmake', 'python']
[0.195s] Level 1:colcon.colcon_core.package_identification:_identify(__pycache__) by extension 'cmake'
[0.195s] Level 1:colcon.colcon_core.package_identification:_identify(__pycache__) by extension 'python'
[0.195s] Level 1:colcon.colcon_core.package_identification:_identify(__pycache__) by extensions ['python_setup_py']
[0.195s] Level 1:colcon.colcon_core.package_identification:_identify(__pycache__) by extension 'python_setup_py'
[0.195s] Level 1:colcon.colcon_core.package_identification:_identify(build) by extensions ['ignore', 'ignore_ament_install']
[0.195s] Level 1:colcon.colcon_core.package_identification:_identify(build) by extension 'ignore'
[0.195s] Level 1:colcon.colcon_core.package_identification:_identify(build) ignored
[0.195s] Level 1:colcon.colcon_core.package_identification:_identify(custom_gestures) by extensions ['ignore', 'ignore_ament_install']
[0.195s] Level 1:colcon.colcon_core.package_identification:_identify(custom_gestures) by extension 'ignore'
[0.195s] Level 1:colcon.colcon_core.package_identification:_identify(custom_gestures) by extension 'ignore_ament_install'
[0.195s] Level 1:colcon.colcon_core.package_identification:_identify(custom_gestures) by extensions ['colcon_pkg']
[0.195s] Level 1:colcon.colcon_core.package_identification:_identify(custom_gestures) by extension 'colcon_pkg'
[0.195s] Level 1:colcon.colcon_core.package_identification:_identify(custom_gestures) by extensions ['colcon_meta']
[0.195s] Level 1:colcon.colcon_core.package_identification:_identify(custom_gestures) by extension 'colcon_meta'
[0.195s] Level 1:colcon.colcon_core.package_identification:_identify(custom_gestures) by extensions ['ros']
[0.195s] Level 1:colcon.colcon_core.package_identification:_identify(custom_gestures) by extension 'ros'
[0.195s] Level 1:colcon.colcon_core.package_identification:_identify(custom_gestures) by extensions ['cmake', 'python']
[0.195s] Level 1:colcon.colcon_core.package_identification:_identify(custom_gestures) by extension 'cmake'
[0.195s] Level 1:colcon.colcon_core.package_identification:_identify(custom_gestures) by extension 'python'
[0.196s] Level 1:colcon.colcon_core.package_identification:_identify(custom_gestures) by extensions ['python_setup_py']
[0.196s] Level 1:colcon.colcon_core.package_identification:_identify(custom_gestures) by extension 'python_setup_py'
[0.196s] Level 1:colcon.colcon_core.package_identification:_identify(custom_gestures/landmark_utils) by extensions ['ignore', 'ignore_ament_install']
[0.196s] Level 1:colcon.colcon_core.package_identification:_identify(custom_gestures/landmark_utils) by extension 'ignore'
[0.196s] Level 1:colcon.colcon_core.package_identification:_identify(custom_gestures/landmark_utils) by extension 'ignore_ament_install'
[0.196s] Level 1:colcon.colcon_core.package_identification:_identify(custom_gestures/landmark_utils) by extensions ['colcon_pkg']
[0.196s] Level 1:colcon.colcon_core.package_identification:_identify(custom_gestures/landmark_utils) by extension 'colcon_pkg'
[0.196s] Level 1:colcon.colcon_core.package_identification:_identify(custom_gestures/landmark_utils) by extensions ['colcon_meta']
[0.196s] Level 1:colcon.colcon_core.package_identification:_identify(custom_gestures/landmark_utils) by extension 'colcon_meta'
[0.196s] Level 1:colcon.colcon_core.package_identification:_identify(custom_gestures/landmark_utils) by extensions ['ros']
[0.196s] Level 1:colcon.colcon_core.package_identification:_identify(custom_gestures/landmark_utils) by extension 'ros'
[0.196s] Level 1:colcon.colcon_core.package_identification:_identify(custom_gestures/landmark_utils) by extensions ['cmake', 'python']
[0.196s] Level 1:colcon.colcon_core.package_identification:_identify(custom_gestures/landmark_utils) by extension 'cmake'
[0.196s] Level 1:colcon.colcon_core.package_identification:_identify(custom_gestures/landmark_utils) by extension 'python'
[0.196s] Level 1:colcon.colcon_core.package_identification:_identify(custom_gestures/landmark_utils) by extensions ['python_setup_py']
[0.196s] Level 1:colcon.colcon_core.package_identification:_identify(custom_gestures/landmark_utils) by extension 'python_setup_py'
[0.196s] Level 1:colcon.colcon_core.package_identification:_identify(custom_gestures/landmark_utils/__pycache__) by extensions ['ignore', 'ignore_ament_install']
[0.196s] Level 1:colcon.colcon_core.package_identification:_identify(custom_gestures/landmark_utils/__pycache__) by extension 'ignore'
[0.197s] Level 1:colcon.colcon_core.package_identification:_identify(custom_gestures/landmark_utils/__pycache__) by extension 'ignore_ament_install'
[0.197s] Level 1:colcon.colcon_core.package_identification:_identify(custom_gestures/landmark_utils/__pycache__) by extensions ['colcon_pkg']
[0.197s] Level 1:colcon.colcon_core.package_identification:_identify(custom_gestures/landmark_utils/__pycache__) by extension 'colcon_pkg'
[0.197s] Level 1:colcon.colcon_core.package_identification:_identify(custom_gestures/landmark_utils/__pycache__) by extensions ['colcon_meta']
[0.197s] Level 1:colcon.colcon_core.package_identification:_identify(custom_gestures/landmark_utils/__pycache__) by extension 'colcon_meta'
[0.197s] Level 1:colcon.colcon_core.package_identification:_identify(custom_gestures/landmark_utils/__pycache__) by extensions ['ros']
[0.197s] Level 1:colcon.colcon_core.package_identification:_identify(custom_gestures/landmark_utils/__pycache__) by extension 'ros'
[0.197s] Level 1:colcon.colcon_core.package_identification:_identify(custom_gestures/landmark_utils/__pycache__) by extensions ['cmake', 'python']
[0.197s] Level 1:colcon.colcon_core.package_identification:_identify(custom_gestures/landmark_utils/__pycache__) by extension 'cmake'
[0.197s] Level 1:colcon.colcon_core.package_identification:_identify(custom_gestures/landmark_utils/__pycache__) by extension 'python'
[0.197s] Level 1:colcon.colcon_core.package_identification:_identify(custom_gestures/landmark_utils/__pycache__) by extensions ['python_setup_py']
[0.197s] Level 1:colcon.colcon_core.package_identification:_identify(custom_gestures/landmark_utils/__pycache__) by extension 'python_setup_py'
[0.197s] Level 1:colcon.colcon_core.package_identification:_identify(custom_gestures/model) by extensions ['ignore', 'ignore_ament_install']
[0.197s] Level 1:colcon.colcon_core.package_identification:_identify(custom_gestures/model) by extension 'ignore'
[0.197s] Level 1:colcon.colcon_core.package_identification:_identify(custom_gestures/model) by extension 'ignore_ament_install'
[0.197s] Level 1:colcon.colcon_core.package_identification:_identify(custom_gestures/model) by extensions ['colcon_pkg']
[0.197s] Level 1:colcon.colcon_core.package_identification:_identify(custom_gestures/model) by extension 'colcon_pkg'
[0.197s] Level 1:colcon.colcon_core.package_identification:_identify(custom_gestures/model) by extensions ['colcon_meta']
[0.197s] Level 1:colcon.colcon_core.package_identification:_identify(custom_gestures/model) by extension 'colcon_meta'
[0.197s] Level 1:colcon.colcon_core.package_identification:_identify(custom_gestures/model) by extensions ['ros']
[0.197s] Level 1:colcon.colcon_core.package_identification:_identify(custom_gestures/model) by extension 'ros'
[0.197s] Level 1:colcon.colcon_core.package_identification:_identify(custom_gestures/model) by extensions ['cmake', 'python']
[0.198s] Level 1:colcon.colcon_core.package_identification:_identify(custom_gestures/model) by extension 'cmake'
[0.198s] Level 1:colcon.colcon_core.package_identification:_identify(custom_gestures/model) by extension 'python'
[0.198s] Level 1:colcon.colcon_core.package_identification:_identify(custom_gestures/model) by extensions ['python_setup_py']
[0.198s] Level 1:colcon.colcon_core.package_identification:_identify(custom_gestures/model) by extension 'python_setup_py'
[0.198s] Level 1:colcon.colcon_core.package_identification:_identify(custom_gestures/model/__pycache__) by extensions ['ignore', 'ignore_ament_install']
[0.198s] Level 1:colcon.colcon_core.package_identification:_identify(custom_gestures/model/__pycache__) by extension 'ignore'
[0.198s] Level 1:colcon.colcon_core.package_identification:_identify(custom_gestures/model/__pycache__) by extension 'ignore_ament_install'
[0.198s] Level 1:colcon.colcon_core.package_identification:_identify(custom_gestures/model/__pycache__) by extensions ['colcon_pkg']
[0.198s] Level 1:colcon.colcon_core.package_identification:_identify(custom_gestures/model/__pycache__) by extension 'colcon_pkg'
[0.198s] Level 1:colcon.colcon_core.package_identification:_identify(custom_gestures/model/__pycache__) by extensions ['colcon_meta']
[0.198s] Level 1:colcon.colcon_core.package_identification:_identify(custom_gestures/model/__pycache__) by extension 'colcon_meta'
[0.198s] Level 1:colcon.colcon_core.package_identification:_identify(custom_gestures/model/__pycache__) by extensions ['ros']
[0.198s] Level 1:colcon.colcon_core.package_identification:_identify(custom_gestures/model/__pycache__) by extension 'ros'
[0.198s] Level 1:colcon.colcon_core.package_identification:_identify(custom_gestures/model/__pycache__) by extensions ['cmake', 'python']
[0.198s] Level 1:colcon.colcon_core.package_identification:_identify(custom_gestures/model/__pycache__) by extension 'cmake'
[0.198s] Level 1:colcon.colcon_core.package_identification:_identify(custom_gestures/model/__pycache__) by extension 'python'
[0.198s] Level 1:colcon.colcon_core.package_identification:_identify(custom_gestures/model/__pycache__) by extensions ['python_setup_py']
[0.198s] Level 1:colcon.colcon_core.package_identification:_identify(custom_gestures/model/__pycache__) by extension 'python_setup_py'
[0.198s] Level 1:colcon.colcon_core.package_identification:_identify(custom_gestures/model/keypoint_classifier) by extensions ['ignore', 'ignore_ament_install']
[0.199s] Level 1:colcon.colcon_core.package_identification:_identify(custom_gestures/model/keypoint_classifier) by extension 'ignore'
[0.199s] Level 1:colcon.colcon_core.package_identification:_identify(custom_gestures/model/keypoint_classifier) by extension 'ignore_ament_install'
[0.199s] Level 1:colcon.colcon_core.package_identification:_identify(custom_gestures/model/keypoint_classifier) by extensions ['colcon_pkg']
[0.199s] Level 1:colcon.colcon_core.package_identification:_identify(custom_gestures/model/keypoint_classifier) by extension 'colcon_pkg'
[0.199s] Level 1:colcon.colcon_core.package_identification:_identify(custom_gestures/model/keypoint_classifier) by extensions ['colcon_meta']
[0.199s] Level 1:colcon.colcon_core.package_identification:_identify(custom_gestures/model/keypoint_classifier) by extension 'colcon_meta'
[0.199s] Level 1:colcon.colcon_core.package_identification:_identify(custom_gestures/model/keypoint_classifier) by extensions ['ros']
[0.199s] Level 1:colcon.colcon_core.package_identification:_identify(custom_gestures/model/keypoint_classifier) by extension 'ros'
[0.199s] Level 1:colcon.colcon_core.package_identification:_identify(custom_gestures/model/keypoint_classifier) by extensions ['cmake', 'python']
[0.199s] Level 1:colcon.colcon_core.package_identification:_identify(custom_gestures/model/keypoint_classifier) by extension 'cmake'
[0.199s] Level 1:colcon.colcon_core.package_identification:_identify(custom_gestures/model/keypoint_classifier) by extension 'python'
[0.199s] Level 1:colcon.colcon_core.package_identification:_identify(custom_gestures/model/keypoint_classifier) by extensions ['python_setup_py']
[0.199s] Level 1:colcon.colcon_core.package_identification:_identify(custom_gestures/model/keypoint_classifier) by extension 'python_setup_py'
[0.199s] Level 1:colcon.colcon_core.package_identification:_identify(custom_gestures/model/keypoint_classifier/__pycache__) by extensions ['ignore', 'ignore_ament_install']
[0.199s] Level 1:colcon.colcon_core.package_identification:_identify(custom_gestures/model/keypoint_classifier/__pycache__) by extension 'ignore'
[0.199s] Level 1:colcon.colcon_core.package_identification:_identify(custom_gestures/model/keypoint_classifier/__pycache__) by extension 'ignore_ament_install'
[0.199s] Level 1:colcon.colcon_core.package_identification:_identify(custom_gestures/model/keypoint_classifier/__pycache__) by extensions ['colcon_pkg']
[0.199s] Level 1:colcon.colcon_core.package_identification:_identify(custom_gestures/model/keypoint_classifier/__pycache__) by extension 'colcon_pkg'
[0.199s] Level 1:colcon.colcon_core.package_identification:_identify(custom_gestures/model/keypoint_classifier/__pycache__) by extensions ['colcon_meta']
[0.199s] Level 1:colcon.colcon_core.package_identification:_identify(custom_gestures/model/keypoint_classifier/__pycache__) by extension 'colcon_meta'
[0.199s] Level 1:colcon.colcon_core.package_identification:_identify(custom_gestures/model/keypoint_classifier/__pycache__) by extensions ['ros']
[0.199s] Level 1:colcon.colcon_core.package_identification:_identify(custom_gestures/model/keypoint_classifier/__pycache__) by extension 'ros'
[0.200s] Level 1:colcon.colcon_core.package_identification:_identify(custom_gestures/model/keypoint_classifier/__pycache__) by extensions ['cmake', 'python']
[0.200s] Level 1:colcon.colcon_core.package_identification:_identify(custom_gestures/model/keypoint_classifier/__pycache__) by extension 'cmake'
[0.200s] Level 1:colcon.colcon_core.package_identification:_identify(custom_gestures/model/keypoint_classifier/__pycache__) by extension 'python'
[0.200s] Level 1:colcon.colcon_core.package_identification:_identify(custom_gestures/model/keypoint_classifier/__pycache__) by extensions ['python_setup_py']
[0.200s] Level 1:colcon.colcon_core.package_identification:_identify(custom_gestures/model/keypoint_classifier/__pycache__) by extension 'python_setup_py'
[0.200s] Level 1:colcon.colcon_core.package_identification:_identify(install) by extensions ['ignore', 'ignore_ament_install']
[0.200s] Level 1:colcon.colcon_core.package_identification:_identify(install) by extension 'ignore'
[0.200s] Level 1:colcon.colcon_core.package_identification:_identify(install) ignored
[0.200s] Level 1:colcon.colcon_core.package_identification:_identify(log) by extensions ['ignore', 'ignore_ament_install']
[0.200s] Level 1:colcon.colcon_core.package_identification:_identify(log) by extension 'ignore'
[0.200s] Level 1:colcon.colcon_core.package_identification:_identify(log) ignored
[0.200s] Level 1:colcon.colcon_core.package_identification:_identify(mp_hand_gesture) by extensions ['ignore', 'ignore_ament_install']
[0.200s] Level 1:colcon.colcon_core.package_identification:_identify(mp_hand_gesture) by extension 'ignore'
[0.200s] Level 1:colcon.colcon_core.package_identification:_identify(mp_hand_gesture) by extension 'ignore_ament_install'
[0.200s] Level 1:colcon.colcon_core.package_identification:_identify(mp_hand_gesture) by extensions ['colcon_pkg']
[0.200s] Level 1:colcon.colcon_core.package_identification:_identify(mp_hand_gesture) by extension 'colcon_pkg'
[0.200s] Level 1:colcon.colcon_core.package_identification:_identify(mp_hand_gesture) by extensions ['colcon_meta']
[0.200s] Level 1:colcon.colcon_core.package_identification:_identify(mp_hand_gesture) by extension 'colcon_meta'
[0.201s] Level 1:colcon.colcon_core.package_identification:_identify(mp_hand_gesture) by extensions ['ros']
[0.201s] Level 1:colcon.colcon_core.package_identification:_identify(mp_hand_gesture) by extension 'ros'
[0.201s] Level 1:colcon.colcon_core.package_identification:_identify(mp_hand_gesture) by extensions ['cmake', 'python']
[0.201s] Level 1:colcon.colcon_core.package_identification:_identify(mp_hand_gesture) by extension 'cmake'
[0.201s] Level 1:colcon.colcon_core.package_identification:_identify(mp_hand_gesture) by extension 'python'
[0.201s] Level 1:colcon.colcon_core.package_identification:_identify(mp_hand_gesture) by extensions ['python_setup_py']
[0.201s] Level 1:colcon.colcon_core.package_identification:_identify(mp_hand_gesture) by extension 'python_setup_py'
[0.201s] Level 1:colcon.colcon_core.package_identification:_identify(mp_hand_gesture/assets) by extensions ['ignore', 'ignore_ament_install']
[0.201s] Level 1:colcon.colcon_core.package_identification:_identify(mp_hand_gesture/assets) by extension 'ignore'
[0.201s] Level 1:colcon.colcon_core.package_identification:_identify(mp_hand_gesture/assets) by extension 'ignore_ament_install'
[0.201s] Level 1:colcon.colcon_core.package_identification:_identify(mp_hand_gesture/assets) by extensions ['colcon_pkg']
[0.201s] Level 1:colcon.colcon_core.package_identification:_identify(mp_hand_gesture/assets) by extension 'colcon_pkg'
[0.201s] Level 1:colcon.colcon_core.package_identification:_identify(mp_hand_gesture/assets) by extensions ['colcon_meta']
[0.201s] Level 1:colcon.colcon_core.package_identification:_identify(mp_hand_gesture/assets) by extension 'colcon_meta'
[0.201s] Level 1:colcon.colcon_core.package_identification:_identify(mp_hand_gesture/assets) by extensions ['ros']
[0.201s] Level 1:colcon.colcon_core.package_identification:_identify(mp_hand_gesture/assets) by extension 'ros'
[0.201s] Level 1:colcon.colcon_core.package_identification:_identify(mp_hand_gesture/assets) by extensions ['cmake', 'python']
[0.201s] Level 1:colcon.colcon_core.package_identification:_identify(mp_hand_gesture/assets) by extension 'cmake'
[0.201s] Level 1:colcon.colcon_core.package_identification:_identify(mp_hand_gesture/assets) by extension 'python'
[0.201s] Level 1:colcon.colcon_core.package_identification:_identify(mp_hand_gesture/assets) by extensions ['python_setup_py']
[0.201s] Level 1:colcon.colcon_core.package_identification:_identify(mp_hand_gesture/assets) by extension 'python_setup_py'
[0.202s] Level 1:colcon.colcon_core.package_identification:_identify(mp_hand_gesture/variables) by extensions ['ignore', 'ignore_ament_install']
[0.202s] Level 1:colcon.colcon_core.package_identification:_identify(mp_hand_gesture/variables) by extension 'ignore'
[0.202s] Level 1:colcon.colcon_core.package_identification:_identify(mp_hand_gesture/variables) by extension 'ignore_ament_install'
[0.202s] Level 1:colcon.colcon_core.package_identification:_identify(mp_hand_gesture/variables) by extensions ['colcon_pkg']
[0.202s] Level 1:colcon.colcon_core.package_identification:_identify(mp_hand_gesture/variables) by extension 'colcon_pkg'
[0.202s] Level 1:colcon.colcon_core.package_identification:_identify(mp_hand_gesture/variables) by extensions ['colcon_meta']
[0.202s] Level 1:colcon.colcon_core.package_identification:_identify(mp_hand_gesture/variables) by extension 'colcon_meta'
[0.202s] Level 1:colcon.colcon_core.package_identification:_identify(mp_hand_gesture/variables) by extensions ['ros']
[0.202s] Level 1:colcon.colcon_core.package_identification:_identify(mp_hand_gesture/variables) by extension 'ros'
[0.202s] Level 1:colcon.colcon_core.package_identification:_identify(mp_hand_gesture/variables) by extensions ['cmake', 'python']
[0.202s] Level 1:colcon.colcon_core.package_identification:_identify(mp_hand_gesture/variables) by extension 'cmake'
[0.202s] Level 1:colcon.colcon_core.package_identification:_identify(mp_hand_gesture/variables) by extension 'python'
[0.202s] Level 1:colcon.colcon_core.package_identification:_identify(mp_hand_gesture/variables) by extensions ['python_setup_py']
[0.202s] Level 1:colcon.colcon_core.package_identification:_identify(mp_hand_gesture/variables) by extension 'python_setup_py'
[0.202s] Level 1:colcon.colcon_core.package_identification:_identify(unused) by extensions ['ignore', 'ignore_ament_install']
[0.202s] Level 1:colcon.colcon_core.package_identification:_identify(unused) by extension 'ignore'
[0.202s] Level 1:colcon.colcon_core.package_identification:_identify(unused) by extension 'ignore_ament_install'
[0.202s] Level 1:colcon.colcon_core.package_identification:_identify(unused) by extensions ['colcon_pkg']
[0.202s] Level 1:colcon.colcon_core.package_identification:_identify(unused) by extension 'colcon_pkg'
[0.202s] Level 1:colcon.colcon_core.package_identification:_identify(unused) by extensions ['colcon_meta']
[0.202s] Level 1:colcon.colcon_core.package_identification:_identify(unused) by extension 'colcon_meta'
[0.203s] Level 1:colcon.colcon_core.package_identification:_identify(unused) by extensions ['ros']
[0.203s] Level 1:colcon.colcon_core.package_identification:_identify(unused) by extension 'ros'
[0.203s] Level 1:colcon.colcon_core.package_identification:_identify(unused) by extensions ['cmake', 'python']
[0.203s] Level 1:colcon.colcon_core.package_identification:_identify(unused) by extension 'cmake'
[0.203s] Level 1:colcon.colcon_core.package_identification:_identify(unused) by extension 'python'
[0.203s] Level 1:colcon.colcon_core.package_identification:_identify(unused) by extensions ['python_setup_py']
[0.203s] Level 1:colcon.colcon_core.package_identification:_identify(unused) by extension 'python_setup_py'
[0.203s] Level 1:colcon.colcon_core.package_discovery:discover_packages(recursive) using defaults
[0.203s] Level 1:colcon.colcon_core.package_discovery:discover_packages(ignore) discover
[0.203s] Level 1:colcon.colcon_core.package_discovery:discover_packages(ignore) using defaults
[0.203s] Level 1:colcon.colcon_core.package_discovery:discover_packages(path) discover
[0.203s] Level 1:colcon.colcon_core.package_discovery:discover_packages(path) using defaults
[0.222s] Level 1:colcon.colcon_core.package_discovery:discover_packages(prefix_path) check parameters
[0.222s] Level 1:colcon.colcon_core.package_discovery:discover_packages(prefix_path) discover
[0.226s] DEBUG:colcon.colcon_installed_package_information.package_discovery:Found 15 installed packages in /home/mitzi/ros2_ws/install
[0.228s] DEBUG:colcon.colcon_installed_package_information.package_discovery:Found 318 installed packages in /opt/ros/foxy
[0.230s] Level 1:colcon.colcon_core.package_discovery:discover_packages(prefix_path) using defaults
[0.298s] INFO:colcon.colcon_core.executor:Executing jobs using 'parallel' executor
[0.302s] DEBUG:colcon.colcon_parallel_executor.executor.parallel:run_until_complete
[0.302s] DEBUG:colcon.colcon_parallel_executor.executor.parallel:closing loop
[0.302s] DEBUG:colcon.colcon_parallel_executor.executor.parallel:loop closed
[0.302s] DEBUG:colcon.colcon_parallel_executor.executor.parallel:run_until_complete finished with '0'
[0.302s] DEBUG:colcon.colcon_core.event_reactor:joining thread
[0.307s] INFO:colcon.colcon_core.plugin_system:Skipping extension 'colcon_notification.desktop_notification.terminal_notifier': Not used on non-Darwin systems
[0.307s] INFO:colcon.colcon_core.plugin_system:Skipping extension 'colcon_notification.desktop_notification.win32': Not used on non-Windows systems
[0.307s] INFO:colcon.colcon_notification.desktop_notification:Sending desktop notification using 'notify2'
[0.320s] DEBUG:colcon.colcon_core.event_reactor:joined thread
[0.324s] INFO:colcon.colcon_core.plugin_system:Skipping extension 'colcon_core.shell.bat': Not used on non-Windows systems
[0.325s] INFO:colcon.colcon_core.shell:Creating prefix script '/home/mitzi/ros2_ws/src/Gesture_Commands/Gesture_Commands/install/local_setup.ps1'
[0.325s] INFO:colcon.colcon_core.shell:Creating prefix util module '/home/mitzi/ros2_ws/src/Gesture_Commands/Gesture_Commands/install/_local_setup_util_ps1.py'
[0.326s] INFO:colcon.colcon_core.shell:Creating prefix chain script '/home/mitzi/ros2_ws/src/Gesture_Commands/Gesture_Commands/install/setup.ps1'
[0.328s] INFO:colcon.colcon_core.shell:Creating prefix script '/home/mitzi/ros2_ws/src/Gesture_Commands/Gesture_Commands/install/local_setup.sh'
[0.329s] INFO:colcon.colcon_core.shell:Creating prefix util module '/home/mitzi/ros2_ws/src/Gesture_Commands/Gesture_Commands/install/_local_setup_util_sh.py'
[0.329s] INFO:colcon.colcon_core.shell:Creating prefix chain script '/home/mitzi/ros2_ws/src/Gesture_Commands/Gesture_Commands/install/setup.sh'
[0.331s] INFO:colcon.colcon_core.shell:Creating prefix script '/home/mitzi/ros2_ws/src/Gesture_Commands/Gesture_Commands/install/local_setup.bash'
[0.331s] INFO:colcon.colcon_core.shell:Creating prefix chain script '/home/mitzi/ros2_ws/src/Gesture_Commands/Gesture_Commands/install/setup.bash'
[0.333s] INFO:colcon.colcon_core.shell:Creating prefix script '/home/mitzi/ros2_ws/src/Gesture_Commands/Gesture_Commands/install/local_setup.zsh'
[0.333s] INFO:colcon.colcon_core.shell:Creating prefix chain script '/home/mitzi/ros2_ws/src/Gesture_Commands/Gesture_Commands/install/setup.zsh'
